28-Jul-2017 00:33:08.247 INFO [http-nio-8080-exec-1] org.apache.coyote.http11.Http11Processor.service Error parsing HTTP request header
 Note: further occurrences of HTTP header parsing errors will be logged at DEBUG level.
 java.lang.IllegalArgumentException: Invalid character found in method name. HTTP method names must be tokens
	at org.apache.coyote.http11.Http11InputBuffer.parseRequestLine(Http11InputBuffer.java:422)
	at org.apache.coyote.http11.Http11Processor.service(Http11Processor.java:683)
	at org.apache.coyote.AbstractProcessorLight.process(AbstractProcessorLight.java:66)
	at org.apache.coyote.AbstractProtocol$ConnectionHandler.process(AbstractProtocol.java:861)
	at org.apache.tomcat.util.net.NioEndpoint$SocketProcessor.doRun(NioEndpoint.java:1455)
	at org.apache.tomcat.util.net.SocketProcessorBase.run(SocketProcessorBase.java:49)
	at java.util.concurrent.ThreadPoolExecutor.runWorker(ThreadPoolExecutor.java:1142)
	at java.util.concurrent.ThreadPoolExecutor$Worker.run(ThreadPoolExecutor.java:617)
	at org.apache.tomcat.util.threads.TaskThread$WrappingRunnable.run(TaskThread.java:61)
	at java.lang.Thread.run(Thread.java:748)

28-Jul-2017 11:23:13.059 INFO [Workspace clean-up thread] hudson.model.AsyncPeriodicWork$1.run Started Workspace clean-up
28-Jul-2017 11:23:13.065 INFO [Workspace clean-up thread] hudson.model.AsyncPeriodicWork$1.run Finished Workspace clean-up. 1 ms
28-Jul-2017 15:40:04.603 INFO [Download metadata thread] hudson.model.AsyncPeriodicWork$1.run Started Download metadata
28-Jul-2017 15:40:05.780 INFO [Download metadata thread] hudson.model.DownloadService$Downloadable.load Obtained the updated data file for hudson.tasks.Maven.MavenInstaller
28-Jul-2017 15:40:06.989 INFO [Download metadata thread] hudson.model.DownloadService$Downloadable.load Obtained the updated data file for hudson.plugins.gradle.GradleInstaller
28-Jul-2017 15:40:09.066 INFO [Download metadata thread] hudson.model.DownloadService$Downloadable.load Obtained the updated data file for hudson.tasks.Ant.AntInstaller
28-Jul-2017 15:40:19.853 INFO [Download metadata thread] hudson.model.DownloadService$Downloadable.load Obtained the updated data file for hudson.tools.JDKInstaller
28-Jul-2017 15:40:19.856 INFO [Download metadata thread] hudson.model.AsyncPeriodicWork$1.run Finished Download metadata. 15,252 ms
28-Jul-2017 16:26:55.233 INFO [Fingerprint cleanup thread] hudson.model.AsyncPeriodicWork$1.run Started Fingerprint cleanup
28-Jul-2017 16:26:55.235 INFO [Fingerprint cleanup thread] hudson.model.AsyncPeriodicWork$1.run Finished Fingerprint cleanup. 1 ms
